<?xml version="1.0" encoding="UTF-8"?>
<testsuites name="bun test" tests="135" assertions="249" failures="0" skipped="0" time="22.4990597">
  <testsuite name="tests\smoke\cli\help.test.ts" file="tests\smoke\cli\help.test.ts" tests="15" assertions="35" failures="0" skipped="0" time="0" hostname="">
    <testsuite name="CLI Help Command" file="tests\smoke\cli\help.test.ts" line="57" tests="15" assertions="35" failures="0" skipped="0" time="0" hostname="">
      <testsuite name="Global Help" file="tests\smoke\cli\help.test.ts" line="58" tests="5" assertions="17" failures="0" skipped="0" time="1.781" hostname="">
        <testcase name="should display help when run with --help" classname="Global Help &amp;gt; CLI Help Command" time="0.312" file="tests\smoke\cli\help.test.ts" line="59" assertions="4" />
        <testcase name="should display help when run with -h" classname="Global Help &amp;gt; CLI Help Command" time="0.359" file="tests\smoke\cli\help.test.ts" line="68" assertions="3" />
        <testcase name="should list all available commands" classname="Global Help &amp;gt; CLI Help Command" time="0.344" file="tests\smoke\cli\help.test.ts" line="76" assertions="7" />
        <testcase name="should include command descriptions" classname="Global Help &amp;gt; CLI Help Command" time="0.312" file="tests\smoke\cli\help.test.ts" line="88" assertions="1" />
        <testcase name="should be formatted readably" classname="Global Help &amp;gt; CLI Help Command" time="0.454" file="tests\smoke\cli\help.test.ts" line="105" assertions="2" />
      </testsuite>
      <testsuite name="Command-Specific Help" file="tests\smoke\cli\help.test.ts" line="117" tests="9" assertions="17" failures="0" skipped="0" time="3.453" hostname="">
        <testcase name="should display help for start command" classname="Command-Specific Help &amp;gt; CLI Help Command" time="0.343" file="tests\smoke\cli\help.test.ts" line="118" assertions="3" />
        <testcase name="should display help for status command" classname="Command-Specific Help &amp;gt; CLI Help Command" time="0.407" file="tests\smoke\cli\help.test.ts" line="126" assertions="2" />
        <testcase name="should display help for servers command" classname="Command-Specific Help &amp;gt; CLI Help Command" time="0.453" file="tests\smoke\cli\help.test.ts" line="133" assertions="2" />
        <testcase name="should display help for tools command" classname="Command-Specific Help &amp;gt; CLI Help Command" time="0.297" file="tests\smoke\cli\help.test.ts" line="140" assertions="2" />
        <testcase name="should display help for config command" classname="Command-Specific Help &amp;gt; CLI Help Command" time="0.421" file="tests\smoke\cli\help.test.ts" line="147" assertions="2" />
        <testcase name="should display help for logs command" classname="Command-Specific Help &amp;gt; CLI Help Command" time="0.438" file="tests\smoke\cli\help.test.ts" line="154" assertions="2" />
        <testcase name="should display help for health command" classname="Command-Specific Help &amp;gt; CLI Help Command" time="0.328" file="tests\smoke\cli\help.test.ts" line="161" assertions="2" />
        <testcase name="should include options in command help" classname="Command-Specific Help &amp;gt; CLI Help Command" time="0.484" file="tests\smoke\cli\help.test.ts" line="168" assertions="1" />
        <testcase name="should show usage information" classname="Command-Specific Help &amp;gt; CLI Help Command" time="0.282" file="tests\smoke\cli\help.test.ts" line="175" assertions="1" />
      </testsuite>
      <testsuite name="Help Response Time" file="tests\smoke\cli\help.test.ts" line="182" tests="1" assertions="1" failures="0" skipped="0" time="0.297" hostname="">
        <testcase name="should respond quickly (&lt; 1s)" classname="Help Response Time &amp;gt; CLI Help Command" time="0.297" file="tests\smoke\cli\help.test.ts" line="183" assertions="1" />
      </testsuite>
    </testsuite>
  </testsuite>
  <testsuite name="tests\smoke\cli\servers.test.ts" file="tests\smoke\cli\servers.test.ts" tests="3" assertions="6" failures="0" skipped="0" time="0" hostname="">
    <testsuite name="CLI Servers Command" file="tests\smoke\cli\servers.test.ts" line="57" tests="3" assertions="6" failures="0" skipped="0" time="1.171" hostname="">
      <testcase name="should display help for servers command" classname="CLI Servers Command" time="0.437" file="tests\smoke\cli\servers.test.ts" line="58" assertions="2" />
      <testcase name="should respond quickly" classname="CLI Servers Command" time="0.391" file="tests\smoke\cli\servers.test.ts" line="65" assertions="1" />
      <testcase name="should show options in help" classname="CLI Servers Command" time="0.343" file="tests\smoke\cli\servers.test.ts" line="73" assertions="3" />
    </testsuite>
  </testsuite>
  <testsuite name="tests\smoke\cli\start.test.ts" file="tests\smoke\cli\start.test.ts" tests="2" assertions="3" failures="0" skipped="0" time="0" hostname="">
    <testsuite name="CLI Start Command" file="tests\smoke\cli\start.test.ts" line="94" tests="2" assertions="3" failures="0" skipped="0" time="0" hostname="">
      <testsuite name="Start Command Execution" file="tests\smoke\cli\start.test.ts" line="95" tests="1" assertions="2" failures="0" skipped="0" time="0.313" hostname="">
        <testcase name="should fail with invalid config" classname="Start Command Execution &amp;gt; CLI Start Command" time="0.313" file="tests\smoke\cli\start.test.ts" line="96" assertions="2" />
      </testsuite>
      <testsuite name="Start Response Time" file="tests\smoke\cli\start.test.ts" line="105" tests="1" assertions="1" failures="0" skipped="0" time="0.296" hostname="">
        <testcase name="should respond quickly to help command" classname="Start Response Time &amp;gt; CLI Start Command" time="0.296" file="tests\smoke\cli\start.test.ts" line="106" assertions="1" />
      </testsuite>
    </testsuite>
  </testsuite>
  <testsuite name="tests\smoke\cli\status.test.ts" file="tests\smoke\cli\status.test.ts" tests="3" assertions="4" failures="0" skipped="0" time="0" hostname="">
    <testsuite name="CLI Status Command" file="tests\smoke\cli\status.test.ts" line="57" tests="3" assertions="4" failures="0" skipped="0" time="1.032" hostname="">
      <testcase name="should show status when no gateway is running" classname="CLI Status Command" time="0.391" file="tests\smoke\cli\status.test.ts" line="58" assertions="1" />
      <testcase name="should display help for status command" classname="CLI Status Command" time="0.297" file="tests\smoke\cli\status.test.ts" line="64" assertions="2" />
      <testcase name="should respond quickly" classname="CLI Status Command" time="0.344" file="tests\smoke\cli\status.test.ts" line="71" assertions="1" />
    </testsuite>
  </testsuite>
  <testsuite name="tests\smoke\cli\stop.test.ts" file="tests\smoke\cli\stop.test.ts" tests="3" assertions="4" failures="0" skipped="0" time="0" hostname="">
    <testsuite name="CLI Stop Command" file="tests\smoke\cli\stop.test.ts" line="57" tests="3" assertions="4" failures="0" skipped="0" time="1.172" hostname="">
      <testcase name="should handle stop when no gateway is running" classname="CLI Stop Command" time="0.343" file="tests\smoke\cli\stop.test.ts" line="58" assertions="1" />
      <testcase name="should display help for stop command" classname="CLI Stop Command" time="0.36" file="tests\smoke\cli\stop.test.ts" line="65" assertions="2" />
      <testcase name="should respond quickly" classname="CLI Stop Command" time="0.469" file="tests\smoke\cli\stop.test.ts" line="72" assertions="1" />
    </testsuite>
  </testsuite>
  <testsuite name="tests\smoke\cli\version.test.ts" file="tests\smoke\cli\version.test.ts" tests="6" assertions="9" failures="0" skipped="0" time="0" hostname="">
    <testsuite name="CLI Version Command" file="tests\smoke\cli\version.test.ts" line="66" tests="6" assertions="9" failures="0" skipped="0" time="2.046" hostname="">
      <testcase name="should display version when run with --version" classname="CLI Version Command" time="0.375" file="tests\smoke\cli\version.test.ts" line="67" assertions="3" />
      <testcase name="should display version when run with -v" classname="CLI Version Command" time="0.296" file="tests\smoke\cli\version.test.ts" line="75" assertions="2" />
      <testcase name="should match package.json version" classname="CLI Version Command" time="0.36" file="tests\smoke\cli\version.test.ts" line="82" assertions="1" />
      <testcase name="should respond quickly (&lt; 1s)" classname="CLI Version Command" time="0.312" file="tests\smoke\cli\version.test.ts" line="89" assertions="1" />
      <testcase name="should output version in parseable format" classname="CLI Version Command" time="0.344" file="tests\smoke\cli\version.test.ts" line="97" assertions="1" />
      <testcase name="should not produce errors on version command" classname="CLI Version Command" time="0.359" file="tests\smoke\cli\version.test.ts" line="108" assertions="1" />
    </testsuite>
  </testsuite>
  <testsuite name="tests\smoke\discovery\availability.test.ts" file="tests\smoke\discovery\availability.test.ts" tests="4" assertions="7" failures="0" skipped="0" time="0" hostname="">
    <testsuite name="Tool Availability" file="tests\smoke\discovery\availability.test.ts" line="9" tests="4" assertions="7" failures="0" skipped="0" time="0" hostname="">
      <testcase name="should mark tool as available when backend is connected" classname="Tool Availability" time="0" file="tests\smoke\discovery\availability.test.ts" line="10" assertions="2" />
      <testcase name="should mark tool as unavailable when backend is disconnected" classname="Tool Availability" time="0" file="tests\smoke\discovery\availability.test.ts" line="18" assertions="2" />
      <testcase name="should update tool availability in real-time" classname="Tool Availability" time="0" file="tests\smoke\discovery\availability.test.ts" line="26" assertions="2" />
      <testcase name="should return appropriate error for unavailable tool" classname="Tool Availability" time="0" file="tests\smoke\discovery\availability.test.ts" line="38" assertions="1" />
    </testsuite>
  </testsuite>
  <testsuite name="tests\smoke\discovery\connection.test.ts" file="tests\smoke\discovery\connection.test.ts" tests="4" assertions="12" failures="0" skipped="0" time="0" hostname="">
    <testsuite name="Backend Connection Discovery" file="tests\smoke\discovery\connection.test.ts" line="9" tests="4" assertions="12" failures="0" skipped="0" time="0" hostname="">
      <testcase name="should make new tools appear after backend connects" classname="Backend Connection Discovery" time="0" file="tests\smoke\discovery\connection.test.ts" line="10" assertions="4" />
      <testcase name="should remove tools after backend disconnects" classname="Backend Connection Discovery" time="0" file="tests\smoke\discovery\connection.test.ts" line="26" assertions="5" />
      <testcase name="should ensure tool list updates are consistent" classname="Backend Connection Discovery" time="0" file="tests\smoke\discovery\connection.test.ts" line="49" assertions="1" />
      <testcase name="should handle rapid backend connect/disconnect" classname="Backend Connection Discovery" time="0" file="tests\smoke\discovery\connection.test.ts" line="66" assertions="2" />
    </testsuite>
  </testsuite>
  <testsuite name="tests\smoke\discovery\filtering.test.ts" file="tests\smoke\discovery\filtering.test.ts" tests="5" assertions="13" failures="0" skipped="0" time="0" hostname="">
    <testsuite name="Tool Discovery Filtering" file="tests\smoke\discovery\filtering.test.ts" line="9" tests="5" assertions="13" failures="0" skipped="0" time="0.016" hostname="">
      <testcase name="should filter tools by prefix" classname="Tool Discovery Filtering" time="0" file="tests\smoke\discovery\filtering.test.ts" line="18" assertions="4" />
      <testcase name="should filter tools by backend" classname="Tool Discovery Filtering" time="0" file="tests\smoke\discovery\filtering.test.ts" line="28" assertions="4" />
      <testcase name="should return all tools when filter is empty" classname="Tool Discovery Filtering" time="0" file="tests\smoke\discovery\filtering.test.ts" line="38" assertions="2" />
      <testcase name="should support filter combinations" classname="Tool Discovery Filtering" time="0.016" file="tests\smoke\discovery\filtering.test.ts" line="50" assertions="2" />
      <testcase name="should return empty list when no tools match combination" classname="Tool Discovery Filtering" time="0" file="tests\smoke\discovery\filtering.test.ts" line="64" assertions="1" />
    </testsuite>
  </testsuite>
  <testsuite name="tests\smoke\discovery\invocation.test.ts" file="tests\smoke\discovery\invocation.test.ts" tests="5" assertions="13" failures="0" skipped="0" time="0" hostname="">
    <testsuite name="Tool Invocation" file="tests\smoke\discovery\invocation.test.ts" line="9" tests="5" assertions="13" failures="0" skipped="0" time="0" hostname="">
      <testcase name="should route tool to correct backend" classname="Tool Invocation" time="0" file="tests\smoke\discovery\invocation.test.ts" line="10" assertions="2" />
      <testcase name="should pass arguments to tool" classname="Tool Invocation" time="0" file="tests\smoke\discovery\invocation.test.ts" line="22" assertions="2" />
      <testcase name="should return tool result in correct format" classname="Tool Invocation" time="0" file="tests\smoke\discovery\invocation.test.ts" line="36" assertions="4" />
      <testcase name="should handle tool invocation errors" classname="Tool Invocation" time="0" file="tests\smoke\discovery\invocation.test.ts" line="54" assertions="3" />
      <testcase name="should support different content types in result" classname="Tool Invocation" time="0" file="tests\smoke\discovery\invocation.test.ts" line="75" assertions="2" />
    </testsuite>
  </testsuite>
  <testsuite name="tests\smoke\discovery\listing.test.ts" file="tests\smoke\discovery\listing.test.ts" tests="10" assertions="14" failures="0" skipped="0" time="0" hostname="">
    <testsuite name="Tool Discovery" file="tests\smoke\discovery\listing.test.ts" line="9" tests="7" assertions="11" failures="0" skipped="0" time="0" hostname="">
      <testcase name="should list tools from single backend" classname="Tool Discovery" time="0" file="tests\smoke\discovery\listing.test.ts" line="10" assertions="2" />
      <testcase name="should aggregate tools from multiple backends" classname="Tool Discovery" time="0" file="tests\smoke\discovery\listing.test.ts" line="19" assertions="1" />
      <testcase name="should include tool metadata" classname="Tool Discovery" time="0" file="tests\smoke\discovery\listing.test.ts" line="28" assertions="3" />
      <testcase name="should support tool filtering by prefix" classname="Tool Discovery" time="0" file="tests\smoke\discovery\listing.test.ts" line="43" assertions="1" />
      <testcase name="should filter tools by backend" classname="Tool Discovery" time="0" file="tests\smoke\discovery\listing.test.ts" line="49" assertions="2" />
      <testcase name="should handle empty tool list" classname="Tool Discovery" time="0" file="tests\smoke\discovery\listing.test.ts" line="59" assertions="1" />
      <testcase name="should provide fast tool listing" classname="Tool Discovery" time="0" file="tests\smoke\discovery\listing.test.ts" line="64" assertions="1" />
    </testsuite>
    <testsuite name="Backend Connection" file="tests\smoke\discovery\listing.test.ts" line="70" tests="3" assertions="3" failures="0" skipped="0" time="0" hostname="">
      <testcase name="should detect new backend connection" classname="Backend Connection" time="0" file="tests\smoke\discovery\listing.test.ts" line="71" assertions="1" />
      <testcase name="should detect backend disconnection" classname="Backend Connection" time="0" file="tests\smoke\discovery\listing.test.ts" line="76" assertions="1" />
      <testcase name="should update tool list on connection changes" classname="Backend Connection" time="0" file="tests\smoke\discovery\listing.test.ts" line="81" assertions="1" />
    </testsuite>
  </testsuite>
  <testsuite name="tests\smoke\discovery\schema.test.ts" file="tests\smoke\discovery\schema.test.ts" tests="4" assertions="7" failures="0" skipped="0" time="0" hostname="">
    <testsuite name="Tool Schema Discovery" file="tests\smoke\discovery\schema.test.ts" line="9" tests="4" assertions="7" failures="0" skipped="0" time="0" hostname="">
      <testcase name="should accept valid tool schemas" classname="Tool Schema Discovery" time="0" file="tests\smoke\discovery\schema.test.ts" line="10" assertions="1" />
      <testcase name="should reject invalid tool schemas" classname="Tool Schema Discovery" time="0" file="tests\smoke\discovery\schema.test.ts" line="31" assertions="1" />
      <testcase name="should include all required fields in tool schema" classname="Tool Schema Discovery" time="0" file="tests\smoke\discovery\schema.test.ts" line="45" assertions="3" />
      <testcase name="should handle tool schema validation errors" classname="Tool Schema Discovery" time="0" file="tests\smoke\discovery\schema.test.ts" line="60" assertions="2" />
    </testsuite>
  </testsuite>
  <testsuite name="tests\smoke\health\auth.test.ts" file="tests\smoke\health\auth.test.ts" tests="6" assertions="6" failures="0" skipped="0" time="0" hostname="">
    <testsuite name="Health &amp; Auth Endpoints" file="tests\smoke\health\auth.test.ts" line="13" tests="6" assertions="6" failures="0" skipped="0" time="0" hostname="">
      <testsuite name="Authentication" file="tests\smoke\health\auth.test.ts" line="55" tests="4" assertions="4" failures="0" skipped="0" time="0.016" hostname="">
        <testcase name="should allow /health without authentication" classname="Authentication &amp;gt; Health &amp;amp; Auth Endpoints" time="0.016" file="tests\smoke\health\auth.test.ts" line="56" assertions="1" />
        <testcase name="should require authentication for /metrics" classname="Authentication &amp;gt; Health &amp;amp; Auth Endpoints" time="0" file="tests\smoke\health\auth.test.ts" line="61" assertions="1" />
        <testcase name="should return 401 for invalid token" classname="Authentication &amp;gt; Health &amp;amp; Auth Endpoints" time="0" file="tests\smoke\health\auth.test.ts" line="67" assertions="1" />
        <testcase name="should allow /metrics with valid API key" classname="Authentication &amp;gt; Health &amp;amp; Auth Endpoints" time="0" file="tests\smoke\health\auth.test.ts" line="76" assertions="1" />
      </testsuite>
      <testsuite name="Rate Limiting" file="tests\smoke\health\auth.test.ts" line="86" tests="2" assertions="2" failures="0" skipped="0" time="0" hostname="">
        <testcase name="should bypass rate limiting for health endpoints" classname="Rate Limiting &amp;gt; Health &amp;amp; Auth Endpoints" time="0" file="tests\smoke\health\auth.test.ts" line="87" assertions="1" />
        <testcase name="should apply rate limiting to metrics" classname="Rate Limiting &amp;gt; Health &amp;amp; Auth Endpoints" time="0" file="tests\smoke\health\auth.test.ts" line="93" assertions="1" />
      </testsuite>
    </testsuite>
  </testsuite>
  <testsuite name="tests\smoke\health\health.test.ts" file="tests\smoke\health\health.test.ts" tests="10" assertions="13" failures="0" skipped="0" time="0" hostname="">
    <testsuite name="Health Endpoints" file="tests\smoke\health\health.test.ts" line="66" tests="10" assertions="13" failures="0" skipped="0" time="0" hostname="">
      <testsuite name="/health Endpoint" file="tests\smoke\health\health.test.ts" line="67" tests="4" assertions="5" failures="0" skipped="0" time="0.016" hostname="">
        <testcase name="should be accessible via HTTP" classname="/health Endpoint &amp;gt; Health Endpoints" time="0" file="tests\smoke\health\health.test.ts" line="68" assertions="1" />
        <testcase name="should return JSON content type" classname="/health Endpoint &amp;gt; Health Endpoints" time="0" file="tests\smoke\health\health.test.ts" line="73" assertions="1" />
        <testcase name="should include status in response" classname="/health Endpoint &amp;gt; Health Endpoints" time="0.016" file="tests\smoke\health\health.test.ts" line="79" assertions="1" />
        <testcase name="should include timestamp in response" classname="/health Endpoint &amp;gt; Health Endpoints" time="0" file="tests\smoke\health\health.test.ts" line="84" assertions="2" />
      </testsuite>
      <testsuite name="/ready Endpoint" file="tests\smoke\health\health.test.ts" line="91" tests="2" assertions="3" failures="0" skipped="0" time="0" hostname="">
        <testcase name="should include ready status" classname="/ready Endpoint &amp;gt; Health Endpoints" time="0" file="tests\smoke\health\health.test.ts" line="92" assertions="1" />
        <testcase name="should include backend information" classname="/ready Endpoint &amp;gt; Health Endpoints" time="0" file="tests\smoke\health\health.test.ts" line="97" assertions="2" />
      </testsuite>
      <testsuite name="/metrics Endpoint" file="tests\smoke\health\health.test.ts" line="104" tests="3" assertions="4" failures="0" skipped="0" time="0" hostname="">
        <testcase name="should return Prometheus format" classname="/metrics Endpoint &amp;gt; Health Endpoints" time="0" file="tests\smoke\health\health.test.ts" line="105" assertions="1" />
        <testcase name="should include counter metrics" classname="/metrics Endpoint &amp;gt; Health Endpoints" time="0" file="tests\smoke\health\health.test.ts" line="112" assertions="1" />
        <testcase name="should include type comments for Prometheus" classname="/metrics Endpoint &amp;gt; Health Endpoints" time="0" file="tests\smoke\health\health.test.ts" line="117" assertions="2" />
      </testsuite>
      <testsuite name="Health Response Time" file="tests\smoke\health\health.test.ts" line="125" tests="1" assertions="1" failures="0" skipped="0" time="0.015" hostname="">
        <testcase name="should respond quickly (&lt; 100ms)" classname="Health Response Time &amp;gt; Health Endpoints" time="0.015" file="tests\smoke\health\health.test.ts" line="126" assertions="1" />
      </testsuite>
    </testsuite>
  </testsuite>
  <testsuite name="tests\smoke\health\metrics.test.ts" file="tests\smoke\health\metrics.test.ts" tests="8" assertions="11" failures="0" skipped="0" time="0" hostname="">
    <testsuite name="Metrics Endpoint" file="tests\smoke\health\metrics.test.ts" line="9" tests="8" assertions="11" failures="0" skipped="0" time="0" hostname="">
      <testcase name="should include gateway metrics" classname="Metrics Endpoint" time="0" file="tests\smoke\health\metrics.test.ts" line="10" assertions="1" />
      <testcase name="should include counter metrics" classname="Metrics Endpoint" time="0" file="tests\smoke\health\metrics.test.ts" line="16" assertions="1" />
      <testcase name="should include histogram metrics" classname="Metrics Endpoint" time="0" file="tests\smoke\health\metrics.test.ts" line="22" assertions="1" />
      <testcase name="should include connection metrics" classname="Metrics Endpoint" time="0" file="tests\smoke\health\metrics.test.ts" line="27" assertions="1" />
      <testcase name="should follow Prometheus format" classname="Metrics Endpoint" time="0" file="tests\smoke\health\metrics.test.ts" line="32" assertions="3" />
      <testcase name="should include latency metrics" classname="Metrics Endpoint" time="0" file="tests\smoke\health\metrics.test.ts" line="41" assertions="2" />
      <testcase name="should include tool invocation metrics" classname="Metrics Endpoint" time="0" file="tests\smoke\health\metrics.test.ts" line="48" assertions="1" />
      <testcase name="should include error metrics" classname="Metrics Endpoint" time="0" file="tests\smoke\health\metrics.test.ts" line="53" assertions="1" />
    </testsuite>
  </testsuite>
  <testsuite name="tests\smoke\health\probes.test.ts" file="tests\smoke\health\probes.test.ts" tests="7" assertions="19" failures="0" skipped="0" time="0" hostname="">
    <testsuite name="Health Probes" file="tests\smoke\health\probes.test.ts" line="9" tests="7" assertions="19" failures="0" skipped="0" time="0" hostname="">
      <testsuite name="Liveness Probe (/health)" file="tests\smoke\health\probes.test.ts" line="10" tests="2" assertions="3" failures="0" skipped="0" time="0" hostname="">
        <testcase name="should be suitable for liveness probe" classname="Liveness Probe (/health) &amp;gt; Health Probes" time="0" file="tests\smoke\health\probes.test.ts" line="11" assertions="2" />
        <testcase name="should respond with basic health status" classname="Liveness Probe (/health) &amp;gt; Health Probes" time="0" file="tests\smoke\health\probes.test.ts" line="20" assertions="1" />
      </testsuite>
      <testsuite name="Readiness Probe (/ready)" file="tests\smoke\health\probes.test.ts" line="26" tests="2" assertions="4" failures="0" skipped="0" time="0" hostname="">
        <testcase name="should be suitable for readiness probe" classname="Readiness Probe (/ready) &amp;gt; Health Probes" time="0" file="tests\smoke\health\probes.test.ts" line="27" assertions="2" />
        <testcase name="should return 503 when not ready" classname="Readiness Probe (/ready) &amp;gt; Health Probes" time="0" file="tests\smoke\health\probes.test.ts" line="36" assertions="2" />
      </testsuite>
      <testsuite name="Probe Performance" file="tests\smoke\health\probes.test.ts" line="46" tests="3" assertions="12" failures="0" skipped="0" time="0.016" hostname="">
        <testcase name="should handle high probe frequency" classname="Probe Performance &amp;gt; Health Probes" time="0" file="tests\smoke\health\probes.test.ts" line="47" assertions="10" />
        <testcase name="should respond quickly under load" classname="Probe Performance &amp;gt; Health Probes" time="0.016" file="tests\smoke\health\probes.test.ts" line="56" assertions="1" />
        <testcase name="should have minimal resource overhead" classname="Probe Performance &amp;gt; Health Probes" time="0" file="tests\smoke\health\probes.test.ts" line="66" assertions="1" />
      </testsuite>
    </testsuite>
  </testsuite>
  <testsuite name="tests\smoke\health\ready.test.ts" file="tests\smoke\health\ready.test.ts" tests="5" assertions="5" failures="0" skipped="0" time="0" hostname="">
    <testsuite name="Readiness Endpoint" file="tests\smoke\health\ready.test.ts" line="9" tests="5" assertions="5" failures="0" skipped="0" time="0" hostname="">
      <testcase name="should indicate ready state" classname="Readiness Endpoint" time="0" file="tests\smoke\health\ready.test.ts" line="10" assertions="1" />
      <testcase name="should include backend status when ready" classname="Readiness Endpoint" time="0" file="tests\smoke\health\ready.test.ts" line="15" assertions="1" />
      <testcase name="should indicate not ready when backends are down" classname="Readiness Endpoint" time="0" file="tests\smoke\health\ready.test.ts" line="23" assertions="1" />
      <testcase name="should track backend tools count" classname="Readiness Endpoint" time="0" file="tests\smoke\health\ready.test.ts" line="28" assertions="1" />
      <testcase name="should update readiness dynamically" classname="Readiness Endpoint" time="0" file="tests\smoke\health\ready.test.ts" line="38" assertions="1" />
    </testsuite>
  </testsuite>
  <testsuite name="tests\smoke\startup\clean.test.ts" file="tests\smoke\startup\clean.test.ts" tests="12" assertions="16" failures="0" skipped="0" time="0" hostname="">
    <testsuite name="Gateway Startup" file="tests\smoke\startup\clean.test.ts" line="10" tests="4" assertions="7" failures="0" skipped="0" time="0" hostname="">
      <testcase name="should accept custom port configuration" classname="Gateway Startup" time="0" file="tests\smoke\startup\clean.test.ts" line="11" assertions="2" />
      <testcase name="should initialize within timeout" classname="Gateway Startup" time="0" file="tests\smoke\startup\clean.test.ts" line="18" assertions="1" />
      <testcase name="should support default settings" classname="Gateway Startup" time="0" file="tests\smoke\startup\clean.test.ts" line="23" assertions="2" />
      <testcase name="should support custom log level" classname="Gateway Startup" time="0" file="tests\smoke\startup\clean.test.ts" line="33" assertions="2" />
    </testsuite>
    <testsuite name="Gateway Shutdown" file="tests\smoke\startup\clean.test.ts" line="40" tests="4" assertions="5" failures="0" skipped="0" time="0" hostname="">
      <testcase name="should cleanup resources on shutdown" classname="Gateway Shutdown" time="0" file="tests\smoke\startup\clean.test.ts" line="41" assertions="1" />
      <testcase name="should close connections gracefully" classname="Gateway Shutdown" time="0" file="tests\smoke\startup\clean.test.ts" line="46" assertions="1" />
      <testcase name="should respond to shutdown signals" classname="Gateway Shutdown" time="0" file="tests\smoke\startup\clean.test.ts" line="51" assertions="2" />
      <testcase name="should have configurable shutdown timeout" classname="Gateway Shutdown" time="0" file="tests\smoke\startup\clean.test.ts" line="57" assertions="1" />
    </testsuite>
    <testsuite name="Gateway Configuration" file="tests\smoke\startup\clean.test.ts" line="63" tests="4" assertions="4" failures="0" skipped="0" time="0" hostname="">
      <testcase name="should load config from file" classname="Gateway Configuration" time="0" file="tests\smoke\startup\clean.test.ts" line="64" assertions="1" />
      <testcase name="should validate configuration" classname="Gateway Configuration" time="0" file="tests\smoke\startup\clean.test.ts" line="69" assertions="1" />
      <testcase name="should support environment overrides" classname="Gateway Configuration" time="0" file="tests\smoke\startup\clean.test.ts" line="77" assertions="1" />
      <testcase name="should hot-reload configuration" classname="Gateway Configuration" time="0" file="tests\smoke\startup\clean.test.ts" line="82" assertions="1" />
    </testsuite>
  </testsuite>
  <testsuite name="tests\smoke\startup\cleanup.test.ts" file="tests\smoke\startup\cleanup.test.ts" tests="4" assertions="8" failures="0" skipped="0" time="0" hostname="">
    <testsuite name="Gateway Cleanup" file="tests\smoke\startup\cleanup.test.ts" line="19" tests="4" assertions="8" failures="0" skipped="0" time="1.578" hostname="">
      <testcase name="should close file descriptors on shutdown" classname="Gateway Cleanup" time="0.453" file="tests\smoke\startup\cleanup.test.ts" line="44" assertions="2" />
      <testcase name="should close backend connections on shutdown" classname="Gateway Cleanup" time="0.516" file="tests\smoke\startup\cleanup.test.ts" line="53" assertions="1" />
      <testcase name="should clean up temporary files on shutdown" classname="Gateway Cleanup" time="0.109" file="tests\smoke\startup\cleanup.test.ts" line="84" assertions="2" />
      <testcase name="should perform memory cleanup on shutdown" classname="Gateway Cleanup" time="0.5" file="tests\smoke\startup\cleanup.test.ts" line="99" assertions="3" />
    </testsuite>
  </testsuite>
  <testsuite name="tests\smoke\startup\errors.test.ts" file="tests\smoke\startup\errors.test.ts" tests="6" assertions="8" failures="0" skipped="0" time="0" hostname="">
    <testsuite name="Gateway Startup Errors" file="tests\smoke\startup\errors.test.ts" line="14" tests="6" assertions="8" failures="0" skipped="0" time="2.281" hostname="">
      <testcase name="should fail when port is already in use" classname="Gateway Startup Errors" time="0.39" file="tests\smoke\startup\errors.test.ts" line="21" assertions="1" />
      <testcase name="should fail with invalid configuration file" classname="Gateway Startup Errors" time="0.36" file="tests\smoke\startup\errors.test.ts" line="41" assertions="1" />
      <testcase name="should fail when configuration validation fails" classname="Gateway Startup Errors" time="0.359" file="tests\smoke\startup\errors.test.ts" line="50" assertions="1" />
      <testcase name="should fail with missing required dependencies" classname="Gateway Startup Errors" time="0.359" file="tests\smoke\startup\errors.test.ts" line="65" assertions="1" />
      <testcase name="should provide helpful error messages on port conflict" classname="Gateway Startup Errors" time="0.36" file="tests\smoke\startup\errors.test.ts" line="71" assertions="2" />
      <testcase name="should provide helpful error messages on invalid config" classname="Gateway Startup Errors" time="0.453" file="tests\smoke\startup\errors.test.ts" line="96" assertions="2" />
    </testsuite>
  </testsuite>
  <testsuite name="tests\smoke\startup\forced.test.ts" file="tests\smoke\startup\forced.test.ts" tests="3" assertions="9" failures="0" skipped="0" time="0" hostname="">
    <testsuite name="Forced Shutdown" file="tests\smoke\startup\forced.test.ts" line="10" tests="3" assertions="9" failures="0" skipped="0" time="1.203" hostname="">
      <testcase name="should force shutdown after timeout" classname="Forced Shutdown" time="0.469" file="tests\smoke\startup\forced.test.ts" line="27" assertions="3" />
      <testcase name="should force shutdown with active requests" classname="Forced Shutdown" time="0.343" file="tests\smoke\startup\forced.test.ts" line="41" assertions="3" />
      <testcase name="should cleanup resources after forced shutdown" classname="Forced Shutdown" time="0.391" file="tests\smoke\startup\forced.test.ts" line="55" assertions="3" />
    </testsuite>
  </testsuite>
  <testsuite name="tests\smoke\startup\graceful.test.ts" file="tests\smoke\startup\graceful.test.ts" tests="6" assertions="18" failures="0" skipped="0" time="0" hostname="">
    <testsuite name="Graceful Shutdown" file="tests\smoke\startup\graceful.test.ts" line="16" tests="6" assertions="18" failures="0" skipped="0" time="4.594" hostname="">
      <testcase name="should shutdown on SIGTERM" classname="Graceful Shutdown" time="0.453" file="tests\smoke\startup\graceful.test.ts" line="35" assertions="3" />
      <testcase name="should shutdown on SIGINT" classname="Graceful Shutdown" time="0.391" file="tests\smoke\startup\graceful.test.ts" line="50" assertions="3" />
      <testcase name="should shutdown with active connections" classname="Graceful Shutdown" time="1.438" file="tests\smoke\startup\graceful.test.ts" line="65" assertions="3" />
      <testcase name="should shutdown on SIGINT" classname="Graceful Shutdown" time="0.437" file="tests\smoke\startup\graceful.test.ts" line="94" assertions="3" />
      <testcase name="should shutdown with active connections" classname="Graceful Shutdown" time="1.375" file="tests\smoke\startup\graceful.test.ts" line="109" assertions="3" />
      <testcase name="should wait for in-flight requests" classname="Graceful Shutdown" time="0.5" file="tests\smoke\startup\graceful.test.ts" line="138" assertions="3" />
    </testsuite>
  </testsuite>
  <testsuite name="tests\smoke\startup\restart.test.ts" file="tests\smoke\startup\restart.test.ts" tests="4" assertions="9" failures="0" skipped="0" time="0" hostname="">
    <testsuite name="Gateway Restart" file="tests\smoke\startup\restart.test.ts" line="10" tests="4" assertions="9" failures="0" skipped="0" time="0" hostname="">
      <testcase name="should preserve connection state after restart" classname="Gateway Restart" time="0" file="tests\smoke\startup\restart.test.ts" line="21" assertions="2" />
      <testcase name="should restart with config reload" classname="Gateway Restart" time="0" file="tests\smoke\startup\restart.test.ts" line="33" assertions="2" />
      <testcase name="should restart without data loss" classname="Gateway Restart" time="0" file="tests\smoke\startup\restart.test.ts" line="44" assertions="2" />
      <testcase name="should handle process lifecycle correctly" classname="Gateway Restart" time="0" file="tests\smoke\startup\restart.test.ts" line="55" assertions="3" />
    </testsuite>
  </testsuite>
</testsuites>
